This is pdfTeX, Version 3.1415926-2.5-1.40.14 (MiKTeX 2.9) (preloaded format=pdftex 2017.2.4)  4 FEB 2017 16:45
entering extended mode
**D:/Documentos/fctpp-bd-foodexpress/Artigo/referencias.bib
(D:/Documentos/fctpp-bd-foodexpress/Artigo/referencias.bib
Overfull \hbox (13.30168pt too wide) in paragraph at lines 1--8
[]\tenrm @articletoth2011abordagem, ti-tle=Abordagem NoSQL--uma real al-ter-na-
tiva, au-thor=Toth, Re-nato Molina,|

\hbox(6.94444+1.94444)x469.75499, glue set - 1.0
.\hbox(0.0+0.0)x20.0
.\tenrm @
.\tenrm a
.\tenrm r
.\tenrm t
.etc.

)
*
! Emergency stop.
<*> ...fctpp-bd-foodexpress/Artigo/referencias.bib
                                                  
End of file on the terminal!

!  ==> Fatal error occurred, no output PDF file produced!
